  [1m[35m (35.9ms)[0m  [1m[35mCREATE TABLE "schema_migrations" ("version" character varying NOT NULL PRIMARY KEY)[0m
  [1m[35m (33.5ms)[0m  [1m[35mCREATE TABLE "ar_internal_metadata" ("key" character varying NOT NULL PRIMARY KEY, "value" character varying, "created_at" timestamp NOT NULL, "updated_at" timestamp NOT NULL)[0m
  [1m[35m (12.4ms)[0m  [1m[34mSELECT pg_try_advisory_lock(6229243246938803280)[0m
  [1m[35m (5.0ms)[0m  [1m[34mSELECT "schema_migrations"."version" FROM "schema_migrations" ORDER BY "schema_migrations"."version" ASC[0m
Migrating to CreateProposals (20180330223830)
  [1m[35m (0.2ms)[0m  [1m[35mBEGIN[0m
  [1m[35m (45.5ms)[0m  [1m[35mCREATE TABLE "proposals" ("id" bigserial primary key, "customer" character varying, "portfolio_url" character varying, "tools" character varying, "estimated_hours" character varying, "decimal" character varying, "hourly_rate" decimal, "weeks_to_complete" integer, "client_email" character varying, "created_at" timestamp NOT NULL, "updated_at" timestamp NOT NULL)[0m
  [1m[35mSQL (3.7ms)[0m  [1m[32mINSERT INTO "schema_migrations" ("version") VALUES ($1) RETURNING "version"[0m  [["version", "20180330223830"]]
  [1m[35m (0.9ms)[0m  [1m[35mCOMMIT[0m
  [1m[36mActiveRecord::InternalMetadata Load (0.9ms)[0m  [1m[34mSELECT  "ar_internal_metadata".* FROM "ar_internal_metadata" WHERE "ar_internal_metadata"."key" = $1 LIMIT $2[0m  [["key", "environment"], ["LIMIT", 1]]
  [1m[35m (0.2ms)[0m  [1m[35mBEGIN[0m
  [1m[35mSQL (1.1ms)[0m  [1m[32mINSERT INTO "ar_internal_metadata" ("key", "value", "created_at", "updated_at") VALUES ($1, $2, $3, $4) RETURNING "key"[0m  [["key", "environment"], ["value", "development"], ["created_at", "2018-03-30 22:39:04.495906"], ["updated_at", "2018-03-30 22:39:04.495906"]]
  [1m[35m (0.5ms)[0m  [1m[35mCOMMIT[0m
  [1m[35m (0.4ms)[0m  [1m[34mSELECT pg_advisory_unlock(6229243246938803280)[0m
  [1m[35m (0.3ms)[0m  [1m[34mSELECT "schema_migrations"."version" FROM "schema_migrations" ORDER BY "schema_migrations"."version" ASC[0m
  [1m[35m (0.9ms)[0m  [1m[34mSELECT "schema_migrations"."version" FROM "schema_migrations" ORDER BY "schema_migrations"."version" ASC[0m
  [1m[35m (12.5ms)[0m  [1m[34mSELECT "ar_internal_metadata"."value" FROM "ar_internal_metadata" WHERE "ar_internal_metadata"."key" = $1[0m  [["key", "environment"]]
  [1m[35m (0.8ms)[0m  [1m[34mSELECT "schema_migrations"."version" FROM "schema_migrations" ORDER BY "schema_migrations"."version" ASC[0m
  [1m[35m (0.5ms)[0m  [1m[34mSELECT "ar_internal_metadata"."value" FROM "ar_internal_metadata" WHERE "ar_internal_metadata"."key" = $1[0m  [["key", "environment"]]
  [1m[35m (0.3ms)[0m  [1m[34mSELECT "schema_migrations"."version" FROM "schema_migrations" ORDER BY "schema_migrations"."version" ASC[0m
  [1m[35m (0.2ms)[0m  [1m[34mSELECT "ar_internal_metadata"."value" FROM "ar_internal_metadata" WHERE "ar_internal_metadata"."key" = $1[0m  [["key", "environment"]]
  [1m[35mSQL (7.6ms)[0m  [1m[35mCREATE EXTENSION IF NOT EXISTS "plpgsql"[0m
  [1m[35m (10.3ms)[0m  [1m[35mDROP TABLE IF EXISTS "proposals" CASCADE[0m
  [1m[35m (13.3ms)[0m  [1m[35mCREATE TABLE "proposals" ("id" bigserial primary key, "customer" character varying, "portfolio_url" character varying, "tools" character varying, "estimated_hours" character varying, "decimal" character varying, "hourly_rate" decimal, "weeks_to_complete" integer, "client_email" character varying, "created_at" timestamp NOT NULL, "updated_at" timestamp NOT NULL)[0m
  [1m[35m (1.6ms)[0m  [1m[34mSELECT "schema_migrations"."version" FROM "schema_migrations" ORDER BY "schema_migrations"."version" ASC[0m
  [1m[36mActiveRecord::InternalMetadata Load (0.5ms)[0m  [1m[34mSELECT  "ar_internal_metadata".* FROM "ar_internal_metadata" WHERE "ar_internal_metadata"."key" = $1 LIMIT $2[0m  [["key", "environment"], ["LIMIT", 1]]
  [1m[35m (0.3ms)[0m  [1m[35mBEGIN[0m
  [1m[35m (0.3ms)[0m  [1m[35mCOMMIT[0m
  [1m[36mActiveRecord::InternalMetadata Load (0.8ms)[0m  [1m[34mSELECT  "ar_internal_metadata".* FROM "ar_internal_metadata" WHERE "ar_internal_metadata"."key" = $1 LIMIT $2[0m  [["key", "environment"], ["LIMIT", 1]]
  [1m[35m (0.3ms)[0m  [1m[35mBEGIN[0m
  [1m[35m (0.8ms)[0m  [1m[35mCOMMIT[0m
  [1m[35mSQL (1.0ms)[0m  [1m[35mCREATE EXTENSION IF NOT EXISTS "plpgsql"[0m
  [1m[35m (0.3ms)[0m  [1m[35mDROP TABLE IF EXISTS "proposals" CASCADE[0m
  [1m[35m (38.1ms)[0m  [1m[35mCREATE TABLE "proposals" ("id" bigserial primary key, "customer" character varying, "portfolio_url" character varying, "tools" character varying, "estimated_hours" character varying, "decimal" character varying, "hourly_rate" decimal, "weeks_to_complete" integer, "client_email" character varying, "created_at" timestamp NOT NULL, "updated_at" timestamp NOT NULL)[0m
  [1m[35m (6.3ms)[0m  [1m[35mCREATE TABLE "schema_migrations" ("version" character varying NOT NULL PRIMARY KEY)[0m
  [1m[35m (3.3ms)[0m  [1m[34mSELECT "schema_migrations"."version" FROM "schema_migrations" ORDER BY "schema_migrations"."version" ASC[0m
  [1m[35m (1.4ms)[0m  [1m[32mINSERT INTO "schema_migrations" (version) VALUES (20180330223830)[0m
  [1m[35m (8.0ms)[0m  [1m[35mCREATE TABLE "ar_internal_metadata" ("key" character varying NOT NULL PRIMARY KEY, "value" character varying, "created_at" timestamp NOT NULL, "updated_at" timestamp NOT NULL)[0m
  [1m[36mActiveRecord::InternalMetadata Load (0.8ms)[0m  [1m[34mSELECT  "ar_internal_metadata".* FROM "ar_internal_metadata" WHERE "ar_internal_metadata"."key" = $1 LIMIT $2[0m  [["key", "environment"], ["LIMIT", 1]]
  [1m[35m (0.2ms)[0m  [1m[35mBEGIN[0m
  [1m[35mSQL (0.9ms)[0m  [1m[32mINSERT INTO "ar_internal_metadata" ("key", "value", "created_at", "updated_at") VALUES ($1, $2, $3, $4) RETURNING "key"[0m  [["key", "environment"], ["value", "development"], ["created_at", "2018-03-30 22:39:15.733112"], ["updated_at", "2018-03-30 22:39:15.733112"]]
  [1m[35m (0.5ms)[0m  [1m[35mCOMMIT[0m
  [1m[36mActiveRecord::InternalMetadata Load (0.6ms)[0m  [1m[34mSELECT  "ar_internal_metadata".* FROM "ar_internal_metadata" WHERE "ar_internal_metadata"."key" = $1 LIMIT $2[0m  [["key", "environment"], ["LIMIT", 1]]
  [1m[35m (0.3ms)[0m  [1m[35mBEGIN[0m
  [1m[35mSQL (1.4ms)[0m  [1m[33mUPDATE "ar_internal_metadata" SET "value" = $1, "updated_at" = $2 WHERE "ar_internal_metadata"."key" = $3[0m  [["value", "test"], ["updated_at", "2018-03-30 22:39:15.740900"], ["key", "environment"]]
  [1m[35m (0.4ms)[0m  [1m[35mCOMMIT[0m
  [1m[35m (1.6ms)[0m  [1m[34mSELECT "schema_migrations"."version" FROM "schema_migrations" ORDER BY "schema_migrations"."version" ASC[0m
  [1m[36mProposal Load (0.6ms)[0m  [1m[34mSELECT  "proposals".* FROM "proposals" LIMIT $1[0m  [["LIMIT", 11]]
  [1m[36mProposal Load (0.6ms)[0m  [1m[34mSELECT  "proposals".* FROM "proposals" LIMIT $1[0m  [["LIMIT", 11]]
  [1m[36mProposal Load (0.3ms)[0m  [1m[34mSELECT  "proposals".* FROM "proposals" LIMIT $1[0m  [["LIMIT", 11]]
  [1m[35m (1.9ms)[0m  [1m[34mSELECT COUNT(*) FROM "proposals"[0m
  [1m[35m (1.1ms)[0m  [1m[34mSELECT "schema_migrations"."version" FROM "schema_migrations" ORDER BY "schema_migrations"."version" ASC[0m
  [1m[35m (0.6ms)[0m  [1m[34mSELECT "ar_internal_metadata"."value" FROM "ar_internal_metadata" WHERE "ar_internal_metadata"."key" = $1[0m  [["key", "environment"]]
  [1m[35m (0.3ms)[0m  [1m[34mSELECT "schema_migrations"."version" FROM "schema_migrations" ORDER BY "schema_migrations"."version" ASC[0m
  [1m[35m (0.3ms)[0m  [1m[34mSELECT "ar_internal_metadata"."value" FROM "ar_internal_metadata" WHERE "ar_internal_metadata"."key" = $1[0m  [["key", "environment"]]
  [1m[35m (0.3ms)[0m  [1m[34mSELECT "schema_migrations"."version" FROM "schema_migrations" ORDER BY "schema_migrations"."version" ASC[0m
  [1m[35m (0.2ms)[0m  [1m[34mSELECT "ar_internal_metadata"."value" FROM "ar_internal_metadata" WHERE "ar_internal_metadata"."key" = $1[0m  [["key", "environment"]]
  [1m[35mSQL (2.2ms)[0m  [1m[35mCREATE EXTENSION IF NOT EXISTS "plpgsql"[0m
  [1m[35m (4.5ms)[0m  [1m[35mDROP TABLE IF EXISTS "proposals" CASCADE[0m
  [1m[35m (8.0ms)[0m  [1m[35mCREATE TABLE "proposals" ("id" bigserial primary key, "customer" character varying, "portfolio_url" character varying, "tools" character varying, "estimated_hours" character varying, "decimal" character varying, "hourly_rate" decimal, "weeks_to_complete" integer, "client_email" character varying, "created_at" timestamp NOT NULL, "updated_at" timestamp NOT NULL)[0m
  [1m[35m (3.9ms)[0m  [1m[34mSELECT "schema_migrations"."version" FROM "schema_migrations" ORDER BY "schema_migrations"."version" ASC[0m
  [1m[36mActiveRecord::InternalMetadata Load (0.5ms)[0m  [1m[34mSELECT  "ar_internal_metadata".* FROM "ar_internal_metadata" WHERE "ar_internal_metadata"."key" = $1 LIMIT $2[0m  [["key", "environment"], ["LIMIT", 1]]
  [1m[35m (0.2ms)[0m  [1m[35mBEGIN[0m
  [1m[35m (0.5ms)[0m  [1m[35mCOMMIT[0m
  [1m[36mActiveRecord::InternalMetadata Load (0.5ms)[0m  [1m[34mSELECT  "ar_internal_metadata".* FROM "ar_internal_metadata" WHERE "ar_internal_metadata"."key" = $1 LIMIT $2[0m  [["key", "environment"], ["LIMIT", 1]]
  [1m[35m (0.2ms)[0m  [1m[35mBEGIN[0m
  [1m[35m (0.2ms)[0m  [1m[35mCOMMIT[0m
  [1m[35mSQL (0.3ms)[0m  [1m[35mCREATE EXTENSION IF NOT EXISTS "plpgsql"[0m
  [1m[35m (10.3ms)[0m  [1m[35mDROP TABLE IF EXISTS "proposals" CASCADE[0m
  [1m[35m (25.1ms)[0m  [1m[35mCREATE TABLE "proposals" ("id" bigserial primary key, "customer" character varying, "portfolio_url" character varying, "tools" character varying, "estimated_hours" character varying, "decimal" character varying, "hourly_rate" decimal, "weeks_to_complete" integer, "client_email" character varying, "created_at" timestamp NOT NULL, "updated_at" timestamp NOT NULL)[0m
  [1m[35m (1.5ms)[0m  [1m[34mSELECT "schema_migrations"."version" FROM "schema_migrations" ORDER BY "schema_migrations"."version" ASC[0m
  [1m[36mActiveRecord::InternalMetadata Load (0.8ms)[0m  [1m[34mSELECT  "ar_internal_metadata".* FROM "ar_internal_metadata" WHERE "ar_internal_metadata"."key" = $1 LIMIT $2[0m  [["key", "environment"], ["LIMIT", 1]]
  [1m[35m (0.2ms)[0m  [1m[35mBEGIN[0m
  [1m[35mSQL (13.5ms)[0m  [1m[33mUPDATE "ar_internal_metadata" SET "value" = $1, "updated_at" = $2 WHERE "ar_internal_metadata"."key" = $3[0m  [["value", "development"], ["updated_at", "2018-03-30 22:40:41.036158"], ["key", "environment"]]
  [1m[35m (0.7ms)[0m  [1m[35mCOMMIT[0m
  [1m[36mActiveRecord::InternalMetadata Load (0.7ms)[0m  [1m[34mSELECT  "ar_internal_metadata".* FROM "ar_internal_metadata" WHERE "ar_internal_metadata"."key" = $1 LIMIT $2[0m  [["key", "environment"], ["LIMIT", 1]]
  [1m[35m (0.1ms)[0m  [1m[35mBEGIN[0m
  [1m[35mSQL (0.4ms)[0m  [1m[33mUPDATE "ar_internal_metadata" SET "value" = $1, "updated_at" = $2 WHERE "ar_internal_metadata"."key" = $3[0m  [["value", "test"], ["updated_at", "2018-03-30 22:40:41.057435"], ["key", "environment"]]
  [1m[35m (0.3ms)[0m  [1m[35mCOMMIT[0m
  [1m[35m (1.0ms)[0m  [1m[34mSELECT "schema_migrations"."version" FROM "schema_migrations" ORDER BY "schema_migrations"."version" ASC[0m
  [1m[35m (0.2ms)[0m  [1m[35mBEGIN[0m
  [1m[35mSQL (13.1ms)[0m  [1m[32mINSERT INTO "proposals" ("customer", "portfolio_url", "tools", "estimated_hours", "hourly_rate", "weeks_to_complete", "client_email", "created_at", "updated_at") VALUES ($1, $2, $3, $4, $5, $6, $7, $8, $9) RETURNING "id"[0m  [["customer", "Customer0"], ["portfolio_url", "www.google.com"], ["tools", "Ruby on Rails, angular2, Postgres"], ["estimated_hours", "80"], ["hourly_rate", "120.0"], ["weeks_to_complete", 12], ["client_email", "a0@b.c"], ["created_at", "2018-03-30 22:40:41.107729"], ["updated_at", "2018-03-30 22:40:41.107729"]]
  [1m[35m (11.2ms)[0m  [1m[35mCOMMIT[0m
  [1m[35m (0.1ms)[0m  [1m[35mBEGIN[0m
  [1m[35mSQL (0.4ms)[0m  [1m[32mINSERT INTO "proposals" ("customer", "portfolio_url", "tools", "estimated_hours", "hourly_rate", "weeks_to_complete", "client_email", "created_at", "updated_at") VALUES ($1, $2, $3, $4, $5, $6, $7, $8, $9) RETURNING "id"[0m  [["customer", "Customer1"], ["portfolio_url", "www.google.com"], ["tools", "Ruby on Rails, angular2, Postgres"], ["estimated_hours", "81"], ["hourly_rate", "120.0"], ["weeks_to_complete", 12], ["client_email", "a1@b.c"], ["created_at", "2018-03-30 22:40:41.134865"], ["updated_at", "2018-03-30 22:40:41.134865"]]
  [1m[35m (0.4ms)[0m  [1m[35mCOMMIT[0m
  [1m[35m (0.1ms)[0m  [1m[35mBEGIN[0m
  [1m[35mSQL (0.5ms)[0m  [1m[32mINSERT INTO "proposals" ("customer", "portfolio_url", "tools", "estimated_hours", "hourly_rate", "weeks_to_complete", "client_email", "created_at", "updated_at") VALUES ($1, $2, $3, $4, $5, $6, $7, $8, $9) RETURNING "id"[0m  [["customer", "Customer2"], ["portfolio_url", "www.google.com"], ["tools", "Ruby on Rails, angular2, Postgres"], ["estimated_hours", "82"], ["hourly_rate", "120.0"], ["weeks_to_complete", 12], ["client_email", "a2@b.c"], ["created_at", "2018-03-30 22:40:41.137403"], ["updated_at", "2018-03-30 22:40:41.137403"]]
  [1m[35m (0.3ms)[0m  [1m[35mCOMMIT[0m
  [1m[35m (0.1ms)[0m  [1m[35mBEGIN[0m
  [1m[35mSQL (0.4ms)[0m  [1m[32mINSERT INTO "proposals" ("customer", "portfolio_url", "tools", "estimated_hours", "hourly_rate", "weeks_to_complete", "client_email", "created_at", "updated_at") VALUES ($1, $2, $3, $4, $5, $6, $7, $8, $9) RETURNING "id"[0m  [["customer", "Customer3"], ["portfolio_url", "www.google.com"], ["tools", "Ruby on Rails, angular2, Postgres"], ["estimated_hours", "83"], ["hourly_rate", "120.0"], ["weeks_to_complete", 12], ["client_email", "a3@b.c"], ["created_at", "2018-03-30 22:40:41.139839"], ["updated_at", "2018-03-30 22:40:41.139839"]]
  [1m[35m (0.3ms)[0m  [1m[35mCOMMIT[0m
  [1m[35m (0.1ms)[0m  [1m[35mBEGIN[0m
  [1m[35mSQL (0.4ms)[0m  [1m[32mINSERT INTO "proposals" ("customer", "portfolio_url", "tools", "estimated_hours", "hourly_rate", "weeks_to_complete", "client_email", "created_at", "updated_at") VALUES ($1, $2, $3, $4, $5, $6, $7, $8, $9) RETURNING "id"[0m  [["customer", "Customer4"], ["portfolio_url", "www.google.com"], ["tools", "Ruby on Rails, angular2, Postgres"], ["estimated_hours", "84"], ["hourly_rate", "120.0"], ["weeks_to_complete", 12], ["client_email", "a4@b.c"], ["created_at", "2018-03-30 22:40:41.141961"], ["updated_at", "2018-03-30 22:40:41.141961"]]
  [1m[35m (0.3ms)[0m  [1m[35mCOMMIT[0m
  [1m[35m (0.1ms)[0m  [1m[35mBEGIN[0m
  [1m[35mSQL (0.4ms)[0m  [1m[32mINSERT INTO "proposals" ("customer", "portfolio_url", "tools", "estimated_hours", "hourly_rate", "weeks_to_complete", "client_email", "created_at", "updated_at") VALUES ($1, $2, $3, $4, $5, $6, $7, $8, $9) RETURNING "id"[0m  [["customer", "Customer5"], ["portfolio_url", "www.google.com"], ["tools", "Ruby on Rails, angular2, Postgres"], ["estimated_hours", "85"], ["hourly_rate", "120.0"], ["weeks_to_complete", 12], ["client_email", "a5@b.c"], ["created_at", "2018-03-30 22:40:41.144112"], ["updated_at", "2018-03-30 22:40:41.144112"]]
  [1m[35m (0.3ms)[0m  [1m[35mCOMMIT[0m
  [1m[35m (0.1ms)[0m  [1m[35mBEGIN[0m
  [1m[35mSQL (0.4ms)[0m  [1m[32mINSERT INTO "proposals" ("customer", "portfolio_url", "tools", "estimated_hours", "hourly_rate", "weeks_to_complete", "client_email", "created_at", "updated_at") VALUES ($1, $2, $3, $4, $5, $6, $7, $8, $9) RETURNING "id"[0m  [["customer", "Customer6"], ["portfolio_url", "www.google.com"], ["tools", "Ruby on Rails, angular2, Postgres"], ["estimated_hours", "86"], ["hourly_rate", "120.0"], ["weeks_to_complete", 12], ["client_email", "a6@b.c"], ["created_at", "2018-03-30 22:40:41.146286"], ["updated_at", "2018-03-30 22:40:41.146286"]]
  [1m[35m (0.4ms)[0m  [1m[35mCOMMIT[0m
  [1m[35m (0.1ms)[0m  [1m[35mBEGIN[0m
  [1m[35mSQL (0.4ms)[0m  [1m[32mINSERT INTO "proposals" ("customer", "portfolio_url", "tools", "estimated_hours", "hourly_rate", "weeks_to_complete", "client_email", "created_at", "updated_at") VALUES ($1, $2, $3, $4, $5, $6, $7, $8, $9) RETURNING "id"[0m  [["customer", "Customer7"], ["portfolio_url", "www.google.com"], ["tools", "Ruby on Rails, angular2, Postgres"], ["estimated_hours", "87"], ["hourly_rate", "120.0"], ["weeks_to_complete", 12], ["client_email", "a7@b.c"], ["created_at", "2018-03-30 22:40:41.148639"], ["updated_at", "2018-03-30 22:40:41.148639"]]
  [1m[35m (0.4ms)[0m  [1m[35mCOMMIT[0m
  [1m[35m (0.1ms)[0m  [1m[35mBEGIN[0m
  [1m[35mSQL (0.4ms)[0m  [1m[32mINSERT INTO "proposals" ("customer", "portfolio_url", "tools", "estimated_hours", "hourly_rate", "weeks_to_complete", "client_email", "created_at", "updated_at") VALUES ($1, $2, $3, $4, $5, $6, $7, $8, $9) RETURNING "id"[0m  [["customer", "Customer8"], ["portfolio_url", "www.google.com"], ["tools", "Ruby on Rails, angular2, Postgres"], ["estimated_hours", "88"], ["hourly_rate", "120.0"], ["weeks_to_complete", 12], ["client_email", "a8@b.c"], ["created_at", "2018-03-30 22:40:41.150746"], ["updated_at", "2018-03-30 22:40:41.150746"]]
  [1m[35m (0.3ms)[0m  [1m[35mCOMMIT[0m
  [1m[35m (0.1ms)[0m  [1m[35mBEGIN[0m
  [1m[35mSQL (0.4ms)[0m  [1m[32mINSERT INTO "proposals" ("customer", "portfolio_url", "tools", "estimated_hours", "hourly_rate", "weeks_to_complete", "client_email", "created_at", "updated_at") VALUES ($1, $2, $3, $4, $5, $6, $7, $8, $9) RETURNING "id"[0m  [["customer", "Customer9"], ["portfolio_url", "www.google.com"], ["tools", "Ruby on Rails, angular2, Postgres"], ["estimated_hours", "89"], ["hourly_rate", "120.0"], ["weeks_to_complete", 12], ["client_email", "a9@b.c"], ["created_at", "2018-03-30 22:40:41.152866"], ["updated_at", "2018-03-30 22:40:41.152866"]]
  [1m[35m (0.3ms)[0m  [1m[35mCOMMIT[0m
  [1m[36mProposal Load (0.5ms)[0m  [1m[34mSELECT  "proposals".* FROM "proposals" LIMIT $1[0m  [["LIMIT", 11]]
Started GET "/proposals" for ::1 at 2018-03-30 16:43:32 -0600
  [1m[35m (3.0ms)[0m  [1m[34mSELECT "schema_migrations"."version" FROM "schema_migrations" ORDER BY "schema_migrations"."version" ASC[0m
Processing by ProposalsController#index as HTML
  [1m[36mProposal Load (10.1ms)[0m  [1m[34mSELECT "proposals".* FROM "proposals"[0m
Completed 200 OK in 102ms (Views: 53.9ms | ActiveRecord: 27.7ms)


Started GET "/favicon.ico" for ::1 at 2018-03-30 16:43:33 -0600
  
ActionController::RoutingError (No route matches [GET] "/favicon.ico"):
  
actionpack (5.1.6) lib/action_dispatch/middleware/debug_exceptions.rb:63:in `call'
actionpack (5.1.6) lib/action_dispatch/middleware/show_exceptions.rb:31:in `call'
railties (5.1.6) lib/rails/rack/logger.rb:36:in `call_app'
railties (5.1.6) lib/rails/rack/logger.rb:24:in `block in call'
activesupport (5.1.6) lib/active_support/tagged_logging.rb:69:in `block in tagged'
activesupport (5.1.6) lib/active_support/tagged_logging.rb:26:in `tagged'
activesupport (5.1.6) lib/active_support/tagged_logging.rb:69:in `tagged'
railties (5.1.6) lib/rails/rack/logger.rb:24:in `call'
actionpack (5.1.6) lib/action_dispatch/middleware/remote_ip.rb:79:in `call'
actionpack (5.1.6) lib/action_dispatch/middleware/request_id.rb:25:in `call'
rack (2.0.4) lib/rack/runtime.rb:22:in `call'
activesupport (5.1.6) lib/active_support/cache/strategy/local_cache_middleware.rb:27:in `call'
actionpack (5.1.6) lib/action_dispatch/middleware/executor.rb:12:in `call'
actionpack (5.1.6) lib/action_dispatch/middleware/static.rb:125:in `call'
rack (2.0.4) lib/rack/sendfile.rb:111:in `call'
rack-cors (1.0.2) lib/rack/cors.rb:97:in `call'
railties (5.1.6) lib/rails/engine.rb:522:in `call'
puma (3.11.3) lib/puma/configuration.rb:225:in `call'
puma (3.11.3) lib/puma/server.rb:624:in `handle_request'
puma (3.11.3) lib/puma/server.rb:438:in `process_client'
puma (3.11.3) lib/puma/server.rb:302:in `block in run'
puma (3.11.3) lib/puma/thread_pool.rb:120:in `block in spawn_thread'
