  [1m[35m (41.1ms)[0m  [1m[35mCREATE TABLE "schema_migrations" ("version" character varying NOT NULL PRIMARY KEY)[0m
  [1m[35m (25.2ms)[0m  [1m[35mCREATE TABLE "ar_internal_metadata" ("key" character varying NOT NULL PRIMARY KEY, "value" character varying, "created_at" timestamp NOT NULL, "updated_at" timestamp NOT NULL)[0m
  [1m[35m (13.0ms)[0m  [1m[34mSELECT pg_try_advisory_lock(8518081555869047190)[0m
  [1m[35m (2.1ms)[0m  [1m[34mSELECT "schema_migrations"."version" FROM "schema_migrations" ORDER BY "schema_migrations"."version" ASC[0m
Migrating to CreateFreelanceDocuments (20180328192358)
  [1m[35m (0.4ms)[0m  [1m[34mSELECT pg_advisory_unlock(8518081555869047190)[0m
  [1m[35m (0.2ms)[0m  [1m[34mSELECT pg_try_advisory_lock(8518081555869047190)[0m
  [1m[35m (0.9ms)[0m  [1m[34mSELECT "schema_migrations"."version" FROM "schema_migrations" ORDER BY "schema_migrations"."version" ASC[0m
Migrating to CreateFreelanceDocuments (20180328192358)
  [1m[35m (0.3ms)[0m  [1m[34mSELECT pg_advisory_unlock(8518081555869047190)[0m
  [1m[35m (0.2ms)[0m  [1m[34mSELECT pg_try_advisory_lock(8518081555869047190)[0m
  [1m[35m (0.8ms)[0m  [1m[34mSELECT "schema_migrations"."version" FROM "schema_migrations" ORDER BY "schema_migrations"."version" ASC[0m
Migrating to CreateFreelanceDocuments (20180328192358)
  [1m[35m (0.2ms)[0m  [1m[35mBEGIN[0m
  [1m[35m (41.0ms)[0m  [1m[35mCREATE TABLE "freelance_documents" ("id" bigserial primary key, "title" character varying, "description" character varying, "file_url" text, "image_url" text, "created_at" timestamp NOT NULL, "updated_at" timestamp NOT NULL)[0m
  [1m[35mSQL (3.2ms)[0m  [1m[32mINSERT INTO "schema_migrations" ("version") VALUES ($1) RETURNING "version"[0m  [["version", "20180328192358"]]
  [1m[35m (2.3ms)[0m  [1m[35mCOMMIT[0m
  [1m[36mActiveRecord::InternalMetadata Load (0.9ms)[0m  [1m[34mSELECT  "ar_internal_metadata".* FROM "ar_internal_metadata" WHERE "ar_internal_metadata"."key" = $1 LIMIT $2[0m  [["key", "environment"], ["LIMIT", 1]]
  [1m[35m (0.3ms)[0m  [1m[35mBEGIN[0m
  [1m[35mSQL (2.4ms)[0m  [1m[32mINSERT INTO "ar_internal_metadata" ("key", "value", "created_at", "updated_at") VALUES ($1, $2, $3, $4) RETURNING "key"[0m  [["key", "environment"], ["value", "development"], ["created_at", "2018-03-28 19:29:16.186744"], ["updated_at", "2018-03-28 19:29:16.186744"]]
  [1m[35m (0.4ms)[0m  [1m[35mCOMMIT[0m
  [1m[35m (0.3ms)[0m  [1m[34mSELECT pg_advisory_unlock(8518081555869047190)[0m
  [1m[35m (0.8ms)[0m  [1m[34mSELECT "schema_migrations"."version" FROM "schema_migrations" ORDER BY "schema_migrations"."version" ASC[0m
  [1m[35m (1.5ms)[0m  [1m[34mSELECT "schema_migrations"."version" FROM "schema_migrations" ORDER BY "schema_migrations"."version" ASC[0m
  [1m[35m (13.1ms)[0m  [1m[34mSELECT "ar_internal_metadata"."value" FROM "ar_internal_metadata" WHERE "ar_internal_metadata"."key" = $1[0m  [["key", "environment"]]
  [1m[35m (0.5ms)[0m  [1m[34mSELECT "schema_migrations"."version" FROM "schema_migrations" ORDER BY "schema_migrations"."version" ASC[0m
  [1m[35m (0.3ms)[0m  [1m[34mSELECT "ar_internal_metadata"."value" FROM "ar_internal_metadata" WHERE "ar_internal_metadata"."key" = $1[0m  [["key", "environment"]]
  [1m[35m (0.3ms)[0m  [1m[34mSELECT "schema_migrations"."version" FROM "schema_migrations" ORDER BY "schema_migrations"."version" ASC[0m
  [1m[35m (0.2ms)[0m  [1m[34mSELECT "ar_internal_metadata"."value" FROM "ar_internal_metadata" WHERE "ar_internal_metadata"."key" = $1[0m  [["key", "environment"]]
  [1m[35mSQL (8.3ms)[0m  [1m[35mCREATE EXTENSION IF NOT EXISTS "plpgsql"[0m
  [1m[35m (18.6ms)[0m  [1m[35mDROP TABLE IF EXISTS "freelance_documents" CASCADE[0m
  [1m[35m (46.7ms)[0m  [1m[35mCREATE TABLE "freelance_documents" ("id" bigserial primary key, "title" character varying, "description" character varying, "file_url" text, "image_url" text, "created_at" timestamp NOT NULL, "updated_at" timestamp NOT NULL)[0m
  [1m[35m (1.7ms)[0m  [1m[34mSELECT "schema_migrations"."version" FROM "schema_migrations" ORDER BY "schema_migrations"."version" ASC[0m
  [1m[36mActiveRecord::InternalMetadata Load (16.6ms)[0m  [1m[34mSELECT  "ar_internal_metadata".* FROM "ar_internal_metadata" WHERE "ar_internal_metadata"."key" = $1 LIMIT $2[0m  [["key", "environment"], ["LIMIT", 1]]
  [1m[35m (0.4ms)[0m  [1m[35mBEGIN[0m
  [1m[35m (0.8ms)[0m  [1m[35mCOMMIT[0m
  [1m[36mActiveRecord::InternalMetadata Load (0.7ms)[0m  [1m[34mSELECT  "ar_internal_metadata".* FROM "ar_internal_metadata" WHERE "ar_internal_metadata"."key" = $1 LIMIT $2[0m  [["key", "environment"], ["LIMIT", 1]]
  [1m[35m (0.2ms)[0m  [1m[35mBEGIN[0m
  [1m[35m (0.2ms)[0m  [1m[35mCOMMIT[0m
  [1m[35mSQL (1.5ms)[0m  [1m[35mCREATE EXTENSION IF NOT EXISTS "plpgsql"[0m
  [1m[35m (1.0ms)[0m  [1m[35mDROP TABLE IF EXISTS "freelance_documents" CASCADE[0m
  [1m[35m (68.6ms)[0m  [1m[35mCREATE TABLE "freelance_documents" ("id" bigserial primary key, "title" character varying, "description" character varying, "file_url" text, "image_url" text, "created_at" timestamp NOT NULL, "updated_at" timestamp NOT NULL)[0m
  [1m[35m (7.3ms)[0m  [1m[35mCREATE TABLE "schema_migrations" ("version" character varying NOT NULL PRIMARY KEY)[0m
  [1m[35m (2.0ms)[0m  [1m[34mSELECT "schema_migrations"."version" FROM "schema_migrations" ORDER BY "schema_migrations"."version" ASC[0m
  [1m[35m (1.9ms)[0m  [1m[32mINSERT INTO "schema_migrations" (version) VALUES (20180328192358)[0m
  [1m[35m (19.8ms)[0m  [1m[35mCREATE TABLE "ar_internal_metadata" ("key" character varying NOT NULL PRIMARY KEY, "value" character varying, "created_at" timestamp NOT NULL, "updated_at" timestamp NOT NULL)[0m
  [1m[36mActiveRecord::InternalMetadata Load (0.9ms)[0m  [1m[34mSELECT  "ar_internal_metadata".* FROM "ar_internal_metadata" WHERE "ar_internal_metadata"."key" = $1 LIMIT $2[0m  [["key", "environment"], ["LIMIT", 1]]
  [1m[35m (0.7ms)[0m  [1m[35mBEGIN[0m
  [1m[35mSQL (1.9ms)[0m  [1m[32mINSERT INTO "ar_internal_metadata" ("key", "value", "created_at", "updated_at") VALUES ($1, $2, $3, $4) RETURNING "key"[0m  [["key", "environment"], ["value", "development"], ["created_at", "2018-03-28 20:02:03.341315"], ["updated_at", "2018-03-28 20:02:03.341315"]]
  [1m[35m (1.1ms)[0m  [1m[35mCOMMIT[0m
  [1m[36mActiveRecord::InternalMetadata Load (0.6ms)[0m  [1m[34mSELECT  "ar_internal_metadata".* FROM "ar_internal_metadata" WHERE "ar_internal_metadata"."key" = $1 LIMIT $2[0m  [["key", "environment"], ["LIMIT", 1]]
  [1m[35m (0.2ms)[0m  [1m[35mBEGIN[0m
  [1m[35mSQL (1.6ms)[0m  [1m[33mUPDATE "ar_internal_metadata" SET "value" = $1, "updated_at" = $2 WHERE "ar_internal_metadata"."key" = $3[0m  [["value", "test"], ["updated_at", "2018-03-28 20:02:03.353340"], ["key", "environment"]]
  [1m[35m (0.5ms)[0m  [1m[35mCOMMIT[0m
  [1m[35m (1.5ms)[0m  [1m[34mSELECT "schema_migrations"."version" FROM "schema_migrations" ORDER BY "schema_migrations"."version" ASC[0m
  [1m[35m (0.2ms)[0m  [1m[35mBEGIN[0m
  [1m[35mSQL (1.0ms)[0m  [1m[32mINSERT INTO "freelance_documents" ("title", "description", "file_url", "image_url", "created_at", "updated_at") VALUES ($1, $2, $3, $4, $5, $6) RETURNING "id"[0m  [["title", "Document 0"], ["description", "Lorem ipsum dolor sit amet, consectetur adipiscing elit. Donec rhoncus tortor sed ligula hendrerit, non tincidunt turpis consectetur. Cras suscipit nibh neque, vel iaculis mauris auctor vel. Pellentesque pharetra sem sed enim semper semper. Suspendisse potenti. In nibh lectus, hendrerit ac nisi eget, elementum lacinia augue. Pellentesque non sapien sed sem tempus pretium. Morbi auctor eros in tortor egestas, quis scelerisque turpis accumsan. Suspendisse maximus aliquam condimentum. Aenean nisl lectus, venenatis quis elit rhoncus, lacinia ornare justo. Duis consectetur dictum sapien. Nulla facilisi. Vestibulum molestie, elit vitae fringilla ultrices, nibh sapien condimentum nisl, vel aliquet odio erat et quam. Pellentesque a faucibus enim. Nunc maximus vitae enim nec consequat. Morbi aliquet libero ut mauris cursus, feugiat volutpat velit volutpat."], ["file_url", "https://drive.google.com/file/d/0B5_fywRVZd2iWWFScnN6Vl9lT2M/view?usp=sharing"], ["image_url", "https://i.imgur.com/ymFrpxC.jpg"], ["created_at", "2018-03-28 20:02:03.416338"], ["updated_at", "2018-03-28 20:02:03.416338"]]
  [1m[35m (0.6ms)[0m  [1m[35mCOMMIT[0m
  [1m[35m (0.1ms)[0m  [1m[35mBEGIN[0m
  [1m[35mSQL (0.4ms)[0m  [1m[32mINSERT INTO "freelance_documents" ("title", "description", "file_url", "image_url", "created_at", "updated_at") VALUES ($1, $2, $3, $4, $5, $6) RETURNING "id"[0m  [["title", "Document 1"], ["description", "Lorem ipsum dolor sit amet, consectetur adipiscing elit. Donec rhoncus tortor sed ligula hendrerit, non tincidunt turpis consectetur. Cras suscipit nibh neque, vel iaculis mauris auctor vel. Pellentesque pharetra sem sed enim semper semper. Suspendisse potenti. In nibh lectus, hendrerit ac nisi eget, elementum lacinia augue. Pellentesque non sapien sed sem tempus pretium. Morbi auctor eros in tortor egestas, quis scelerisque turpis accumsan. Suspendisse maximus aliquam condimentum. Aenean nisl lectus, venenatis quis elit rhoncus, lacinia ornare justo. Duis consectetur dictum sapien. Nulla facilisi. Vestibulum molestie, elit vitae fringilla ultrices, nibh sapien condimentum nisl, vel aliquet odio erat et quam. Pellentesque a faucibus enim. Nunc maximus vitae enim nec consequat. Morbi aliquet libero ut mauris cursus, feugiat volutpat velit volutpat."], ["file_url", "https://drive.google.com/file/d/0B5_fywRVZd2iWWFScnN6Vl9lT2M/view?usp=sharing"], ["image_url", "https://i.imgur.com/ymFrpxC.jpg"], ["created_at", "2018-03-28 20:02:03.419733"], ["updated_at", "2018-03-28 20:02:03.419733"]]
  [1m[35m (0.5ms)[0m  [1m[35mCOMMIT[0m
  [1m[35m (0.2ms)[0m  [1m[35mBEGIN[0m
  [1m[35mSQL (0.7ms)[0m  [1m[32mINSERT INTO "freelance_documents" ("title", "description", "file_url", "image_url", "created_at", "updated_at") VALUES ($1, $2, $3, $4, $5, $6) RETURNING "id"[0m  [["title", "Document 2"], ["description", "Lorem ipsum dolor sit amet, consectetur adipiscing elit. Donec rhoncus tortor sed ligula hendrerit, non tincidunt turpis consectetur. Cras suscipit nibh neque, vel iaculis mauris auctor vel. Pellentesque pharetra sem sed enim semper semper. Suspendisse potenti. In nibh lectus, hendrerit ac nisi eget, elementum lacinia augue. Pellentesque non sapien sed sem tempus pretium. Morbi auctor eros in tortor egestas, quis scelerisque turpis accumsan. Suspendisse maximus aliquam condimentum. Aenean nisl lectus, venenatis quis elit rhoncus, lacinia ornare justo. Duis consectetur dictum sapien. Nulla facilisi. Vestibulum molestie, elit vitae fringilla ultrices, nibh sapien condimentum nisl, vel aliquet odio erat et quam. Pellentesque a faucibus enim. Nunc maximus vitae enim nec consequat. Morbi aliquet libero ut mauris cursus, feugiat volutpat velit volutpat."], ["file_url", "https://drive.google.com/file/d/0B5_fywRVZd2iWWFScnN6Vl9lT2M/view?usp=sharing"], ["image_url", "https://i.imgur.com/ymFrpxC.jpg"], ["created_at", "2018-03-28 20:02:03.422219"], ["updated_at", "2018-03-28 20:02:03.422219"]]
  [1m[35m (1.2ms)[0m  [1m[35mCOMMIT[0m
  [1m[35m (0.4ms)[0m  [1m[35mBEGIN[0m
  [1m[35mSQL (0.7ms)[0m  [1m[32mINSERT INTO "freelance_documents" ("title", "description", "file_url", "image_url", "created_at", "updated_at") VALUES ($1, $2, $3, $4, $5, $6) RETURNING "id"[0m  [["title", "Document 3"], ["description", "Lorem ipsum dolor sit amet, consectetur adipiscing elit. Donec rhoncus tortor sed ligula hendrerit, non tincidunt turpis consectetur. Cras suscipit nibh neque, vel iaculis mauris auctor vel. Pellentesque pharetra sem sed enim semper semper. Suspendisse potenti. In nibh lectus, hendrerit ac nisi eget, elementum lacinia augue. Pellentesque non sapien sed sem tempus pretium. Morbi auctor eros in tortor egestas, quis scelerisque turpis accumsan. Suspendisse maximus aliquam condimentum. Aenean nisl lectus, venenatis quis elit rhoncus, lacinia ornare justo. Duis consectetur dictum sapien. Nulla facilisi. Vestibulum molestie, elit vitae fringilla ultrices, nibh sapien condimentum nisl, vel aliquet odio erat et quam. Pellentesque a faucibus enim. Nunc maximus vitae enim nec consequat. Morbi aliquet libero ut mauris cursus, feugiat volutpat velit volutpat."], ["file_url", "https://drive.google.com/file/d/0B5_fywRVZd2iWWFScnN6Vl9lT2M/view?usp=sharing"], ["image_url", "https://i.imgur.com/ymFrpxC.jpg"], ["created_at", "2018-03-28 20:02:03.427547"], ["updated_at", "2018-03-28 20:02:03.427547"]]
  [1m[35m (0.4ms)[0m  [1m[35mCOMMIT[0m
  [1m[35m (0.2ms)[0m  [1m[35mBEGIN[0m
  [1m[35mSQL (0.5ms)[0m  [1m[32mINSERT INTO "freelance_documents" ("title", "description", "file_url", "image_url", "created_at", "updated_at") VALUES ($1, $2, $3, $4, $5, $6) RETURNING "id"[0m  [["title", "Document 4"], ["description", "Lorem ipsum dolor sit amet, consectetur adipiscing elit. Donec rhoncus tortor sed ligula hendrerit, non tincidunt turpis consectetur. Cras suscipit nibh neque, vel iaculis mauris auctor vel. Pellentesque pharetra sem sed enim semper semper. Suspendisse potenti. In nibh lectus, hendrerit ac nisi eget, elementum lacinia augue. Pellentesque non sapien sed sem tempus pretium. Morbi auctor eros in tortor egestas, quis scelerisque turpis accumsan. Suspendisse maximus aliquam condimentum. Aenean nisl lectus, venenatis quis elit rhoncus, lacinia ornare justo. Duis consectetur dictum sapien. Nulla facilisi. Vestibulum molestie, elit vitae fringilla ultrices, nibh sapien condimentum nisl, vel aliquet odio erat et quam. Pellentesque a faucibus enim. Nunc maximus vitae enim nec consequat. Morbi aliquet libero ut mauris cursus, feugiat volutpat velit volutpat."], ["file_url", "https://drive.google.com/file/d/0B5_fywRVZd2iWWFScnN6Vl9lT2M/view?usp=sharing"], ["image_url", "https://i.imgur.com/ymFrpxC.jpg"], ["created_at", "2018-03-28 20:02:03.431491"], ["updated_at", "2018-03-28 20:02:03.431491"]]
  [1m[35m (0.4ms)[0m  [1m[35mCOMMIT[0m
  [1m[35m (0.1ms)[0m  [1m[35mBEGIN[0m
  [1m[35mSQL (0.4ms)[0m  [1m[32mINSERT INTO "freelance_documents" ("title", "description", "file_url", "image_url", "created_at", "updated_at") VALUES ($1, $2, $3, $4, $5, $6) RETURNING "id"[0m  [["title", "Document 5"], ["description", "Lorem ipsum dolor sit amet, consectetur adipiscing elit. Donec rhoncus tortor sed ligula hendrerit, non tincidunt turpis consectetur. Cras suscipit nibh neque, vel iaculis mauris auctor vel. Pellentesque pharetra sem sed enim semper semper. Suspendisse potenti. In nibh lectus, hendrerit ac nisi eget, elementum lacinia augue. Pellentesque non sapien sed sem tempus pretium. Morbi auctor eros in tortor egestas, quis scelerisque turpis accumsan. Suspendisse maximus aliquam condimentum. Aenean nisl lectus, venenatis quis elit rhoncus, lacinia ornare justo. Duis consectetur dictum sapien. Nulla facilisi. Vestibulum molestie, elit vitae fringilla ultrices, nibh sapien condimentum nisl, vel aliquet odio erat et quam. Pellentesque a faucibus enim. Nunc maximus vitae enim nec consequat. Morbi aliquet libero ut mauris cursus, feugiat volutpat velit volutpat."], ["file_url", "https://drive.google.com/file/d/0B5_fywRVZd2iWWFScnN6Vl9lT2M/view?usp=sharing"], ["image_url", "https://i.imgur.com/ymFrpxC.jpg"], ["created_at", "2018-03-28 20:02:03.434229"], ["updated_at", "2018-03-28 20:02:03.434229"]]
  [1m[35m (0.4ms)[0m  [1m[35mCOMMIT[0m
  [1m[35m (0.1ms)[0m  [1m[35mBEGIN[0m
  [1m[35mSQL (0.4ms)[0m  [1m[32mINSERT INTO "freelance_documents" ("title", "description", "file_url", "image_url", "created_at", "updated_at") VALUES ($1, $2, $3, $4, $5, $6) RETURNING "id"[0m  [["title", "Document 6"], ["description", "Lorem ipsum dolor sit amet, consectetur adipiscing elit. Donec rhoncus tortor sed ligula hendrerit, non tincidunt turpis consectetur. Cras suscipit nibh neque, vel iaculis mauris auctor vel. Pellentesque pharetra sem sed enim semper semper. Suspendisse potenti. In nibh lectus, hendrerit ac nisi eget, elementum lacinia augue. Pellentesque non sapien sed sem tempus pretium. Morbi auctor eros in tortor egestas, quis scelerisque turpis accumsan. Suspendisse maximus aliquam condimentum. Aenean nisl lectus, venenatis quis elit rhoncus, lacinia ornare justo. Duis consectetur dictum sapien. Nulla facilisi. Vestibulum molestie, elit vitae fringilla ultrices, nibh sapien condimentum nisl, vel aliquet odio erat et quam. Pellentesque a faucibus enim. Nunc maximus vitae enim nec consequat. Morbi aliquet libero ut mauris cursus, feugiat volutpat velit volutpat."], ["file_url", "https://drive.google.com/file/d/0B5_fywRVZd2iWWFScnN6Vl9lT2M/view?usp=sharing"], ["image_url", "https://i.imgur.com/ymFrpxC.jpg"], ["created_at", "2018-03-28 20:02:03.436488"], ["updated_at", "2018-03-28 20:02:03.436488"]]
  [1m[35m (0.3ms)[0m  [1m[35mCOMMIT[0m
  [1m[35m (0.3ms)[0m  [1m[35mBEGIN[0m
  [1m[35mSQL (1.5ms)[0m  [1m[32mINSERT INTO "freelance_documents" ("title", "description", "file_url", "image_url", "created_at", "updated_at") VALUES ($1, $2, $3, $4, $5, $6) RETURNING "id"[0m  [["title", "Document 7"], ["description", "Lorem ipsum dolor sit amet, consectetur adipiscing elit. Donec rhoncus tortor sed ligula hendrerit, non tincidunt turpis consectetur. Cras suscipit nibh neque, vel iaculis mauris auctor vel. Pellentesque pharetra sem sed enim semper semper. Suspendisse potenti. In nibh lectus, hendrerit ac nisi eget, elementum lacinia augue. Pellentesque non sapien sed sem tempus pretium. Morbi auctor eros in tortor egestas, quis scelerisque turpis accumsan. Suspendisse maximus aliquam condimentum. Aenean nisl lectus, venenatis quis elit rhoncus, lacinia ornare justo. Duis consectetur dictum sapien. Nulla facilisi. Vestibulum molestie, elit vitae fringilla ultrices, nibh sapien condimentum nisl, vel aliquet odio erat et quam. Pellentesque a faucibus enim. Nunc maximus vitae enim nec consequat. Morbi aliquet libero ut mauris cursus, feugiat volutpat velit volutpat."], ["file_url", "https://drive.google.com/file/d/0B5_fywRVZd2iWWFScnN6Vl9lT2M/view?usp=sharing"], ["image_url", "https://i.imgur.com/ymFrpxC.jpg"], ["created_at", "2018-03-28 20:02:03.439103"], ["updated_at", "2018-03-28 20:02:03.439103"]]
  [1m[35m (0.6ms)[0m  [1m[35mCOMMIT[0m
  [1m[35m (0.2ms)[0m  [1m[35mBEGIN[0m
  [1m[35mSQL (1.4ms)[0m  [1m[32mINSERT INTO "freelance_documents" ("title", "description", "file_url", "image_url", "created_at", "updated_at") VALUES ($1, $2, $3, $4, $5, $6) RETURNING "id"[0m  [["title", "Document 8"], ["description", "Lorem ipsum dolor sit amet, consectetur adipiscing elit. Donec rhoncus tortor sed ligula hendrerit, non tincidunt turpis consectetur. Cras suscipit nibh neque, vel iaculis mauris auctor vel. Pellentesque pharetra sem sed enim semper semper. Suspendisse potenti. In nibh lectus, hendrerit ac nisi eget, elementum lacinia augue. Pellentesque non sapien sed sem tempus pretium. Morbi auctor eros in tortor egestas, quis scelerisque turpis accumsan. Suspendisse maximus aliquam condimentum. Aenean nisl lectus, venenatis quis elit rhoncus, lacinia ornare justo. Duis consectetur dictum sapien. Nulla facilisi. Vestibulum molestie, elit vitae fringilla ultrices, nibh sapien condimentum nisl, vel aliquet odio erat et quam. Pellentesque a faucibus enim. Nunc maximus vitae enim nec consequat. Morbi aliquet libero ut mauris cursus, feugiat volutpat velit volutpat."], ["file_url", "https://drive.google.com/file/d/0B5_fywRVZd2iWWFScnN6Vl9lT2M/view?usp=sharing"], ["image_url", "https://i.imgur.com/ymFrpxC.jpg"], ["created_at", "2018-03-28 20:02:03.444710"], ["updated_at", "2018-03-28 20:02:03.444710"]]
  [1m[35m (0.4ms)[0m  [1m[35mCOMMIT[0m
  [1m[35m (0.1ms)[0m  [1m[35mBEGIN[0m
  [1m[35mSQL (0.5ms)[0m  [1m[32mINSERT INTO "freelance_documents" ("title", "description", "file_url", "image_url", "created_at", "updated_at") VALUES ($1, $2, $3, $4, $5, $6) RETURNING "id"[0m  [["title", "Document 9"], ["description", "Lorem ipsum dolor sit amet, consectetur adipiscing elit. Donec rhoncus tortor sed ligula hendrerit, non tincidunt turpis consectetur. Cras suscipit nibh neque, vel iaculis mauris auctor vel. Pellentesque pharetra sem sed enim semper semper. Suspendisse potenti. In nibh lectus, hendrerit ac nisi eget, elementum lacinia augue. Pellentesque non sapien sed sem tempus pretium. Morbi auctor eros in tortor egestas, quis scelerisque turpis accumsan. Suspendisse maximus aliquam condimentum. Aenean nisl lectus, venenatis quis elit rhoncus, lacinia ornare justo. Duis consectetur dictum sapien. Nulla facilisi. Vestibulum molestie, elit vitae fringilla ultrices, nibh sapien condimentum nisl, vel aliquet odio erat et quam. Pellentesque a faucibus enim. Nunc maximus vitae enim nec consequat. Morbi aliquet libero ut mauris cursus, feugiat volutpat velit volutpat."], ["file_url", "https://drive.google.com/file/d/0B5_fywRVZd2iWWFScnN6Vl9lT2M/view?usp=sharing"], ["image_url", "https://i.imgur.com/ymFrpxC.jpg"], ["created_at", "2018-03-28 20:02:03.449275"], ["updated_at", "2018-03-28 20:02:03.449275"]]
  [1m[35m (0.5ms)[0m  [1m[35mCOMMIT[0m
Started GET "/" for ::1 at 2018-03-28 14:03:05 -0600
  [1m[35m (1.2ms)[0m  [1m[34mSELECT "schema_migrations"."version" FROM "schema_migrations" ORDER BY "schema_migrations"."version" ASC[0m
Processing by Rails::WelcomeController#index as HTML
  Rendering /Users/dallinmoak/.rvm/gems/ruby-2.4.2/gems/railties-5.1.5/lib/rails/templates/rails/welcome/index.html.erb
  Rendered /Users/dallinmoak/.rvm/gems/ruby-2.4.2/gems/railties-5.1.5/lib/rails/templates/rails/welcome/index.html.erb (5.0ms)
Completed 200 OK in 56ms (Views: 42.6ms | ActiveRecord: 0.0ms)


Started GET "/favicon.ico" for ::1 at 2018-03-28 14:03:06 -0600
  
ActionController::RoutingError (No route matches [GET] "/favicon.ico"):
  
actionpack (5.1.5) lib/action_dispatch/middleware/debug_exceptions.rb:63:in `call'
actionpack (5.1.5) lib/action_dispatch/middleware/show_exceptions.rb:31:in `call'
railties (5.1.5) lib/rails/rack/logger.rb:36:in `call_app'
railties (5.1.5) lib/rails/rack/logger.rb:24:in `block in call'
activesupport (5.1.5) lib/active_support/tagged_logging.rb:69:in `block in tagged'
activesupport (5.1.5) lib/active_support/tagged_logging.rb:26:in `tagged'
activesupport (5.1.5) lib/active_support/tagged_logging.rb:69:in `tagged'
railties (5.1.5) lib/rails/rack/logger.rb:24:in `call'
actionpack (5.1.5) lib/action_dispatch/middleware/remote_ip.rb:79:in `call'
actionpack (5.1.5) lib/action_dispatch/middleware/request_id.rb:25:in `call'
rack (2.0.4) lib/rack/runtime.rb:22:in `call'
activesupport (5.1.5) lib/active_support/cache/strategy/local_cache_middleware.rb:27:in `call'
actionpack (5.1.5) lib/action_dispatch/middleware/executor.rb:12:in `call'
actionpack (5.1.5) lib/action_dispatch/middleware/static.rb:125:in `call'
rack (2.0.4) lib/rack/sendfile.rb:111:in `call'
railties (5.1.5) lib/rails/engine.rb:522:in `call'
puma (3.11.3) lib/puma/configuration.rb:225:in `call'
puma (3.11.3) lib/puma/server.rb:624:in `handle_request'
puma (3.11.3) lib/puma/server.rb:438:in `process_client'
puma (3.11.3) lib/puma/server.rb:302:in `block in run'
puma (3.11.3) lib/puma/thread_pool.rb:120:in `block in spawn_thread'
Started GET "/freelance_documents" for ::1 at 2018-03-28 14:03:52 -0600
Processing by FreelanceDocumentsController#index as HTML
  [1m[36mFreelanceDocument Load (1.0ms)[0m  [1m[34mSELECT "freelance_documents".* FROM "freelance_documents"[0m
Completed 200 OK in 80ms (Views: 35.1ms | ActiveRecord: 34.4ms)


